1532015316692:insert idiot --fantazy --tr,yt
1532015814983:insert tuzic --bio --yt,iu
1532015858176:insert tuzic --sharic --barsik,polcan
1532015914373:insert tusy --iu --oo
1532016021602:insert t --u --i
1532016106277:insert tyz --uy --tr,te
1532017147039:insert yt --yu --yo,yp
1532017525257:insert nn --uu --tt
1532018084019:insert gg --tt --uu
1532018141264:insert yy --ee --ss
1532018263267:insert jh --hj --ku
1532018329206:insert hg --tt --uu,oo
1532018430328:byid 1
1532018447748:byname jh
1532018472978:byname hg
1532018523882:ee rr ee,tt
1532018540055:insert ff tt yy,uu
1532018567368:byid 3
1532018598865:delete 3
1532018606707:byid 3
1532018627124:insert vv ee rr,tt,yy
1532020736792:insert idiot novella lev_tolstoy
1532020766197:insert rr yy uu
1532021118161:insert ee rr --tt --rr,tt
1532021671474:insert yy rr uu,oo
1532021685285:count
1532021709901:insert oo uy mm,ll,oo
1532021716604:count
1532021728407:byid 1
1532021739909:by name hhh
1532021751440:byname tgf
1532021760340:byid 66
1532021812616:delete 1
1532021830729:readAll
1532021922648:insert tt yy ui,oi
1532021950968:insert ee_rr jk jj,oo
1532021957616:read
1532021975232:byid 1
1532021989635:byname tt
1532021995941:byname rr
1532022264288:insert yy nn uu
1532022292503:insert oo jj pp
1532022307421:insert gg dd cc
1532022319917:read
1532022492415:tt yy uu
1532022502030:insert tt yy rr
1532022510954:insert df ee ww
1532022519236:insert bb vv cc
1532022528877:read
1532022713202:insert masha_v_derevne fantasy vasya_petrov,vova_sidorov
1532022722553:genre
1532022744778:genre fantasy
1532022751985:genre ff
1532030526780:insert yy uu ii
1532030542303:nsert kk oo jj,yy
1532030558926:insert hh mm ii,oo
1532030568035:delete 2
1532030587837:delete 8
1532069106430:insert tt yy tt
1532069138231:insert ii mm kk,pp,uu
1532069148184:byid 2
1532076299509:insert tt hh yy
1532099793193:insert nn jj uu
1532099805302:insert yy dd vv
1532099815365:byid 1
1532099826282:byname yy
1532099832406:byname rr
1532099838728:delete 2
1532267943413:insert tt yy uu
1532267956811:insert gg jj uuu,iii
1532267969412:byid 1
1532267997529:delete 1
1532268441907:insert tt hh uu
1532268447925:byid 1
1532268460421:byname tt
1532268484092:insert rr uu ii,oo
1532268493769:insert yy bb ii,oo
1532268521615:all
1532268532420:count
1532272682857:insert tt uu ii
1532272692531:insert yy ii oo
1532272704684:insert yy nn oii
1532272715093:insert mm gg oo,uu
1532272718188:all
1532272729859:delete 1
1532272763220:count
1532272820582:insert gg yy uu
1532272825269:count
1532272843586:insert yy tt rr,yy
1532272847321:count
1532272931894:insert yy uu ii
1532272938771:count
1532273085085:insert tt rr ee
1532273090259:count
1532273100543:insert yy uu tt
1532273104391:count
1532273260316:insert hh yy uu
1532273269869:insert uu ii dd
1532273278077:delete 1
1532273299186:delete 2
1532273390969:insert yy tt rr
1532273402051:insert ee rr tt
1532273406699:delete 1
1532273495084:insert tt yy ii
1532273502274:delete 1
1532273528856:genre yy
1532273559879:byname rr
1532273567983:byid 66
1532964395784:insert gg yy uu
1532964404099:byid 1
1532964408313:count
1532978953662:insert yy uu ii
1532978968722:insert oo pp rr
1532979026814:add_comment yy super i like it
1532979907159:insert yy uu ii
1532979914563:insert hh gg ff
1532979922540:insert bb vv cc
1532979946449:add_comment 1 super book
1532980127123:insert tt rr ee
1532980134691:byid 1
1532980152202:insert nn bb mm,hh
1532980327468:add_comment 1 --gg ff dd
1532980340760:add_comment 1 super
1532980620912:yy tt yy
1532980630122:insert yy uu ii
1532980651758:add_comment 1 superbook
1532980670759:read_comment 1
1532980892562:insert tt rr ee
1532980904131:add_comment re
1532980916038:add_comment 1 re
1532980927124:read_comment 1
1533015713565:insert vv tt yy
1533015741350:insert tt yy uu,ii
1533015755352:byname tt
1533015823187:add_comment tt super
1533015850197:add_comment 1 super
1533016080538:insert yy tt nn,uu,ii
1533016116300:add_comment 1 vau
1533016223382:yy uu tt,yi
1533016232123:insert tt yy uu
1533016249586:add_comment 1 vau
1533016487437:insert tt yy uu
1533016499019:add_comment 1 d
1533016853572:insert tt yy uu
1533016874277:add_comment 1 yes
1533016916985:read_comment 1
1533017176497:insert yy tt rr
1533017188867:add_comment 1 rt
1533017198465:byid 1
1533017810509:insert tt rr ee
1533017826903:add_comment 1 tre
1533018972646:insert tt rr yy
1533018989771:add_comment 1 auf
1533019000579:read_comment 1
1533019766342:insert ee rr tt
1533019794054:add_comment 1 "i like it"
1533019812294:read_comment 1
1533019848432:add_comment 1 "very nice"
1533019857729:read_comment 1
1533019869932:insert ww qq ss,rr
1533019882833:inwert ee ww ss,rr
1533019897863:insert ee ww ss,rr
1533019929377:read_comment 3
1533019966531:add_comment 3 "???"
1533019975772:read_comment 3
1533020209955:insert plushka fatasy me
1533020265140:add_comment 1 "very nice"
1533020280844:read_comment 1
