1532015316692:insert idiot --fantazy --tr,yt
1532015814983:insert tuzic --bio --yt,iu
1532015858176:insert tuzic --sharic --barsik,polcan
1532015914373:insert tusy --iu --oo
1532016021602:insert t --u --i
1532016106277:insert tyz --uy --tr,te
1532017147039:insert yt --yu --yo,yp
1532017525257:insert nn --uu --tt
1532018084019:insert gg --tt --uu
1532018141264:insert yy --ee --ss
1532018263267:insert jh --hj --ku
1532018329206:insert hg --tt --uu,oo
1532018430328:byid 1
1532018447748:byname jh
1532018472978:byname hg
1532018523882:ee rr ee,tt
1532018540055:insert ff tt yy,uu
1532018567368:byid 3
1532018598865:delete 3
1532018606707:byid 3
1532018627124:insert vv ee rr,tt,yy
1532020736792:insert idiot novella lev_tolstoy
1532020766197:insert rr yy uu
1532021118161:insert ee rr --tt --rr,tt
1532021671474:insert yy rr uu,oo
1532021685285:count
1532021709901:insert oo uy mm,ll,oo
1532021716604:count
1532021728407:byid 1
1532021739909:by name hhh
1532021751440:byname tgf
1532021760340:byid 66
1532021812616:delete 1
1532021830729:readAll
1532021922648:insert tt yy ui,oi
1532021950968:insert ee_rr jk jj,oo
1532021957616:read
1532021975232:byid 1
1532021989635:byname tt
1532021995941:byname rr
1532022264288:insert yy nn uu
1532022292503:insert oo jj pp
1532022307421:insert gg dd cc
1532022319917:read
1532022492415:tt yy uu
1532022502030:insert tt yy rr
1532022510954:insert df ee ww
1532022519236:insert bb vv cc
1532022528877:read
1532022713202:insert masha_v_derevne fantasy vasya_petrov,vova_sidorov
1532022722553:genre
1532022744778:genre fantasy
1532022751985:genre ff
1532030526780:insert yy uu ii
1532030542303:nsert kk oo jj,yy
1532030558926:insert hh mm ii,oo
1532030568035:delete 2
1532030587837:delete 8
1532069106430:insert tt yy tt
1532069138231:insert ii mm kk,pp,uu
1532069148184:byid 2
1532076299509:insert tt hh yy
1532099793193:insert nn jj uu
1532099805302:insert yy dd vv
1532099815365:byid 1
1532099826282:byname yy
1532099832406:byname rr
1532099838728:delete 2
